mode: set
github.com/sangketkit01/bookings/internal/handlers/handlers.go:32.70,37.2 1 0
github.com/sangketkit01/bookings/internal/handlers/handlers.go:40.53,45.2 1 1
github.com/sangketkit01/bookings/internal/handlers/handlers.go:48.33,50.2 1 1
github.com/sangketkit01/bookings/internal/handlers/handlers.go:53.67,56.2 2 1
github.com/sangketkit01/bookings/internal/handlers/handlers.go:59.68,62.2 1 1
github.com/sangketkit01/bookings/internal/handlers/handlers.go:65.74,69.9 3 1
github.com/sangketkit01/bookings/internal/handlers/handlers.go:69.9,73.3 3 1
github.com/sangketkit01/bookings/internal/handlers/handlers.go:75.2,76.15 2 1
github.com/sangketkit01/bookings/internal/handlers/handlers.go:76.15,80.3 3 1
github.com/sangketkit01/bookings/internal/handlers/handlers.go:82.2,99.4 9 1
github.com/sangketkit01/bookings/internal/handlers/handlers.go:103.78,106.8 2 1
github.com/sangketkit01/bookings/internal/handlers/handlers.go:106.8,110.3 3 1
github.com/sangketkit01/bookings/internal/handlers/handlers.go:112.2,113.16 2 1
github.com/sangketkit01/bookings/internal/handlers/handlers.go:113.16,117.3 3 1
github.com/sangketkit01/bookings/internal/handlers/handlers.go:119.2,120.15 2 1
github.com/sangketkit01/bookings/internal/handlers/handlers.go:120.15,124.3 3 1
github.com/sangketkit01/bookings/internal/handlers/handlers.go:127.2,143.19 6 1
github.com/sangketkit01/bookings/internal/handlers/handlers.go:143.19,152.3 4 1
github.com/sangketkit01/bookings/internal/handlers/handlers.go:155.2,156.15 2 1
github.com/sangketkit01/bookings/internal/handlers/handlers.go:156.15,160.3 3 0
github.com/sangketkit01/bookings/internal/handlers/handlers.go:162.2,176.15 6 1
github.com/sangketkit01/bookings/internal/handlers/handlers.go:176.15,180.3 3 0
github.com/sangketkit01/bookings/internal/handlers/handlers.go:182.2,183.66 2 1
github.com/sangketkit01/bookings/internal/handlers/handlers.go:187.71,189.2 1 1
github.com/sangketkit01/bookings/internal/handlers/handlers.go:192.69,194.2 1 1
github.com/sangketkit01/bookings/internal/handlers/handlers.go:197.81,199.2 1 1
github.com/sangketkit01/bookings/internal/handlers/handlers.go:202.85,208.15 5 0
github.com/sangketkit01/bookings/internal/handlers/handlers.go:208.15,211.3 2 0
github.com/sangketkit01/bookings/internal/handlers/handlers.go:213.2,214.15 2 0
github.com/sangketkit01/bookings/internal/handlers/handlers.go:214.15,217.3 2 0
github.com/sangketkit01/bookings/internal/handlers/handlers.go:219.2,220.15 2 0
github.com/sangketkit01/bookings/internal/handlers/handlers.go:220.15,223.3 2 0
github.com/sangketkit01/bookings/internal/handlers/handlers.go:225.2,225.28 1 0
github.com/sangketkit01/bookings/internal/handlers/handlers.go:225.28,227.3 1 0
github.com/sangketkit01/bookings/internal/handlers/handlers.go:229.2,229.20 1 0
github.com/sangketkit01/bookings/internal/handlers/handlers.go:229.20,233.3 3 0
github.com/sangketkit01/bookings/internal/handlers/handlers.go:235.2,247.4 5 0
github.com/sangketkit01/bookings/internal/handlers/handlers.go:260.85,263.15 2 1
github.com/sangketkit01/bookings/internal/handlers/handlers.go:263.15,267.3 3 0
github.com/sangketkit01/bookings/internal/handlers/handlers.go:269.2,280.15 8 1
github.com/sangketkit01/bookings/internal/handlers/handlers.go:280.15,290.3 5 0
github.com/sangketkit01/bookings/internal/handlers/handlers.go:292.2,301.16 3 1
github.com/sangketkit01/bookings/internal/handlers/handlers.go:301.16,304.3 2 0
github.com/sangketkit01/bookings/internal/handlers/handlers.go:306.2,307.14 2 1
github.com/sangketkit01/bookings/internal/handlers/handlers.go:311.70,313.2 1 1
github.com/sangketkit01/bookings/internal/handlers/handlers.go:317.81,320.8 3 0
github.com/sangketkit01/bookings/internal/handlers/handlers.go:320.8,326.3 5 0
github.com/sangketkit01/bookings/internal/handlers/handlers.go:328.2,333.16 5 0
github.com/sangketkit01/bookings/internal/handlers/handlers.go:333.16,336.3 2 0
github.com/sangketkit01/bookings/internal/handlers/handlers.go:338.2,348.4 6 0
github.com/sangketkit01/bookings/internal/handlers/handlers.go:352.71,354.15 2 0
github.com/sangketkit01/bookings/internal/handlers/handlers.go:354.15,357.3 2 0
github.com/sangketkit01/bookings/internal/handlers/handlers.go:359.2,360.8 2 0
github.com/sangketkit01/bookings/internal/handlers/handlers.go:360.8,363.3 2 0
github.com/sangketkit01/bookings/internal/handlers/handlers.go:365.2,369.55 3 0
github.com/sangketkit01/bookings/internal/handlers/handlers.go:373.70,389.15 12 0
github.com/sangketkit01/bookings/internal/handlers/handlers.go:389.15,392.3 2 0
github.com/sangketkit01/bookings/internal/handlers/handlers.go:394.2,399.55 4 0
